<?xml version="1.0" encoding="UTF-8"?>
<testng-results skipped="0" failed="1" total="4" passed="3">
  <reporter-output>
  </reporter-output>
  <suite name="Suite" duration-ms="12994" started-at="2020-08-04T22:56:46Z" finished-at="2020-08-04T22:56:59Z">
    <groups>
    </groups>
    <test name="Test" duration-ms="5" started-at="2020-08-04T22:56:46Z" finished-at="2020-08-04T22:56:46Z">
    </test> <!-- Test -->
    <test name="Validating NavigationBar" duration-ms="9149" started-at="2020-08-04T22:56:46Z" finished-at="2020-08-04T22:56:55Z">
      <class name="Academy.E2EProject.ValidateNavigationBar">
        <test-method status="PASS" signature="initializeBrowser()[pri:0, instance:Academy.E2EProject.ValidateNavigationBar@6f01b95f]" name="initializeBrowser" is-config="true" duration-ms="8946" started-at="2020-08-04T17:56:46Z" finished-at="2020-08-04T17:56:55Z">
          <reporter-output>
          </reporter-output>
        </test-method> <!-- initializeBrowser -->
        <test-method status="PASS" signature="basePageNavigation()[pri:0, instance:Academy.E2EProject.ValidateNavigationBar@6f01b95f]" name="basePageNavigation" duration-ms="82" started-at="2020-08-04T17:56:55Z" finished-at="2020-08-04T17:56:55Z">
          <reporter-output>
          </reporter-output>
        </test-method> <!-- basePageNavigation -->
        <test-method status="PASS" signature="teardown()[pri:0, instance:Academy.E2EProject.ValidateNavigationBar@6f01b95f]" name="teardown" is-config="true" duration-ms="111" started-at="2020-08-04T17:56:55Z" finished-at="2020-08-04T17:56:55Z">
          <reporter-output>
          </reporter-output>
        </test-method> <!-- teardown -->
      </class> <!-- Academy.E2EProject.ValidateNavigationBar -->
    </test> <!-- Validating NavigationBar -->
    <test name="Validating title" duration-ms="9573" started-at="2020-08-04T22:56:46Z" finished-at="2020-08-04T22:56:56Z">
      <class name="Academy.E2EProject.ValidateTitle">
        <test-method status="PASS" signature="initializeBrowser()[pri:0, instance:Academy.E2EProject.ValidateTitle@5032714f]" name="initializeBrowser" is-config="true" duration-ms="7958" started-at="2020-08-04T17:56:46Z" finished-at="2020-08-04T17:56:54Z">
          <reporter-output>
          </reporter-output>
        </test-method> <!-- initializeBrowser -->
        <test-method status="FAIL" signature="basePageNavigation()[pri:0, instance:Academy.E2EProject.ValidateTitle@5032714f]" name="basePageNavigation" duration-ms="510" started-at="2020-08-04T17:56:54Z" finished-at="2020-08-04T17:56:55Z">
          <exception class="java.lang.AssertionError">
            <message>
              <![CDATA[expected [FEATURED COURSES1111] but found [FEATURED COURSES]]]>
            </message>
            <full-stacktrace>
              <![CDATA[java.lang.AssertionError: expected [FEATURED COURSES1111] but found [FEATURED COURSES]
	at org.testng.Assert.fail(Assert.java:94)
	at org.testng.Assert.failNotEquals(Assert.java:494)
	at org.testng.Assert.assertEquals(Assert.java:123)
	at org.testng.Assert.assertEquals(Assert.java:176)
	at org.testng.Assert.assertEquals(Assert.java:186)
	at Academy.E2EProject.ValidateTitle.basePageNavigation(ValidateTitle.java:39)
	at sun.reflect.NativeMethodAccessorImpl.invoke0(Native Method)
	at sun.reflect.NativeMethodAccessorImpl.invoke(NativeMethodAccessorImpl.java:62)
	at sun.reflect.DelegatingMethodAccessorImpl.invoke(DelegatingMethodAccessorImpl.java:43)
	at java.lang.reflect.Method.invoke(Method.java:498)
	at org.testng.internal.MethodInvocationHelper.invokeMethod(MethodInvocationHelper.java:80)
	at org.testng.internal.Invoker.invokeMethod(Invoker.java:714)
	at org.testng.internal.Invoker.invokeTestMethod(Invoker.java:901)
	at org.testng.internal.Invoker.invokeTestMethods(Invoker.java:1231)
	at org.testng.internal.TestMethodWorker.invokeTestMethods(TestMethodWorker.java:127)
	at org.testng.internal.TestMethodWorker.run(TestMethodWorker.java:111)
	at org.testng.TestRunner.privateRun(TestRunner.java:767)
	at org.testng.TestRunner.run(TestRunner.java:617)
	at org.testng.SuiteRunner.runTest(SuiteRunner.java:334)
	at org.testng.SuiteRunner.access$000(SuiteRunner.java:37)
	at org.testng.SuiteRunner$SuiteWorker.run(SuiteRunner.java:368)
	at org.testng.internal.thread.ThreadUtil$2.call(ThreadUtil.java:64)
	at java.util.concurrent.FutureTask.run(FutureTask.java:266)
	at java.util.concurrent.ThreadPoolExecutor.runWorker(ThreadPoolExecutor.java:1149)
	at java.util.concurrent.ThreadPoolExecutor$Worker.run(ThreadPoolExecutor.java:624)
	at java.lang.Thread.run(Thread.java:748)
]]>
            </full-stacktrace>
          </exception> <!-- java.lang.AssertionError -->
          <reporter-output>
          </reporter-output>
        </test-method> <!-- basePageNavigation -->
        <test-method status="PASS" signature="teardown()[pri:0, instance:Academy.E2EProject.ValidateTitle@5032714f]" name="teardown" is-config="true" duration-ms="103" started-at="2020-08-04T17:56:56Z" finished-at="2020-08-04T17:56:56Z">
          <reporter-output>
          </reporter-output>
        </test-method> <!-- teardown -->
      </class> <!-- Academy.E2EProject.ValidateTitle -->
    </test> <!-- Validating title -->
    <test name="Validating homepage" duration-ms="12994" started-at="2020-08-04T22:56:46Z" finished-at="2020-08-04T22:56:59Z">
      <class name="Academy.E2EProject.HomePage">
        <test-method status="PASS" signature="initializeBrowser()[pri:0, instance:Academy.E2EProject.HomePage@65987993]" name="initializeBrowser" is-config="true" duration-ms="4349" started-at="2020-08-04T17:56:46Z" finished-at="2020-08-04T17:56:51Z">
          <reporter-output>
          </reporter-output>
        </test-method> <!-- initializeBrowser -->
        <test-method status="PASS" signature="basePageNavigation(java.lang.String, java.lang.String, java.lang.String)[pri:0, instance:Academy.E2EProject.HomePage@65987993]" name="basePageNavigation" duration-ms="6340" started-at="2020-08-04T17:56:51Z" data-provider="getData" finished-at="2020-08-04T17:56:57Z">
          <params>
            <param index="0">
              <value>
                <![CDATA[aaaaa@a.com]]>
              </value>
            </param>
            <param index="1">
              <value>
                <![CDATA[pass123]]>
              </value>
            </param>
            <param index="2">
              <value>
                <![CDATA[text]]>
              </value>
            </param>
          </params>
          <reporter-output>
          </reporter-output>
        </test-method> <!-- basePageNavigation -->
        <test-method status="PASS" signature="basePageNavigation(java.lang.String, java.lang.String, java.lang.String)[pri:0, instance:Academy.E2EProject.HomePage@65987993]" name="basePageNavigation" duration-ms="2230" started-at="2020-08-04T17:56:57Z" data-provider="getData" finished-at="2020-08-04T17:56:59Z">
          <params>
            <param index="0">
              <value>
                <![CDATA[bbbbb@a.com]]>
              </value>
            </param>
            <param index="1">
              <value>
                <![CDATA[pass4455]]>
              </value>
            </param>
            <param index="2">
              <value>
                <![CDATA[text]]>
              </value>
            </param>
          </params>
          <reporter-output>
          </reporter-output>
        </test-method> <!-- basePageNavigation -->
        <test-method status="PASS" signature="teardown()[pri:0, instance:Academy.E2EProject.HomePage@65987993]" name="teardown" is-config="true" duration-ms="68" started-at="2020-08-04T17:56:59Z" finished-at="2020-08-04T17:56:59Z">
          <reporter-output>
          </reporter-output>
        </test-method> <!-- teardown -->
      </class> <!-- Academy.E2EProject.HomePage -->
    </test> <!-- Validating homepage -->
  </suite> <!-- Suite -->
</testng-results>
